<?xml version="1.0" encoding="UTF-8"?>
<testsuite name="Checkers.SampleTest" tests="1" skipped="0" failures="0" errors="0" timestamp="2024-03-27T02:43:56" hostname="Adityas-MacBook-Air.local" time="0.01">
  <properties/>
  <testcase name="simpleTest()" classname="Checkers.SampleTest" time="0.01"/>
  <system-out><![CDATA[]]></system-out>
  <system-err><![CDATA[]]></system-err>
</testsuite>
